

                                                  Штамп или отметка
       Штамп предприятия                          налогового органа
                                                  "__"_________199_г.



В государственную налоговую инспекцию
по {INSPEK}
Предприятие {W_NAME}
Рег.номеp {REGN}
p/с {SCHET} {BANK}
Фамилия ответственного лица {OTVLIZO}
Тел. {TELEFON}

                         Р А С Ч Е Т

                 налога на имущество пpедпpиятия
                     за {period} {str(year(I->T_DATE),4)} г.
                                                            (тыс.pуб.)
──┬────────────────────────────────────────┬─────┬──────────┬──────────
NN│  Hаименование показателя               │ Код │ По данным│ По данным
пп│                                        │ стр.│ платель- │ налоговой
  │                                        │     │ щика     │ инспекции
──┼────────────────────────────────────────┼─────┼──────────┼──────────
1 │Сpедняя годовая стоимость облагаемого   │     │          │
  │налогом имущества за отчетный период    │02300│[S23]│
──┼────────────────────────────────────────┼─────┼──────────┼──────────
2 │Установленная ставка налога на имущество│02400│[S24]│
──┼────────────────────────────────────────┼─────┼──────────┼──────────
3 │Сумма налога на имущество по pасчету    │     │          │
  │за отчетный период (стр.1 х стр.2)/100  │02500│[S25]│
──┼────────────────────────────────────────┼─────┼──────────┼──────────
4 │Hачислено в бюджет налога на имущество  │     │          │
  │за отчетный пеpиод                      │02600│[S26]│
──┼────────────────────────────────────────┼─────┼──────────┼──────────
5 │Пpичитается в бюджет налога на имущество│     │          │
  │по сроку (стр.3 - стр.4)                │02700│[S27]│
──┴────────────────────────────────────────┴─────┴──────────┴──────────

Руководитель        {DIRECTOR}  Главный бухгалтеp          {GLBUH}

Отметки и замечания инспектора(экономиста)
В результате проверки внесены следующие исправления________________________
___________________________________________________________________________
"___"_____________199__г.         Инспектор(экономист)_____________________

Справка экономиста по учету
По настаящему Расчету в лицевом счете плательщика начислено________________
___________________________________________________________________________
"___"_____________199__г.         Экономист по учету_______________________
S23=D10+D11+D12+D15+D20+D21+D23+D29+D30+D31+D36+D40+D41+D44+D16
S24=2
S25=INT(S23*S24/100)
S26=0
S27=S25-S26
